0 info it worked if it ends with ok
1 verbose cli [ 'C:\\Program Files\\nodejs\\node.exe',
1 verbose cli   'C:\\Program Files\\nodejs\\node_modules\\npm\\bin\\npm-cli.js',
1 verbose cli   'start' ]
2 info using npm@4.1.2
3 info using node@v7.7.2
4 verbose run-script [ 'prestart', 'start', 'poststart' ]
5 info lifecycle ziednode@0.0.0~prestart: ziednode@0.0.0
6 silly lifecycle ziednode@0.0.0~prestart: no script for prestart, continuing
7 info lifecycle ziednode@0.0.0~start: ziednode@0.0.0
8 verbose lifecycle ziednode@0.0.0~start: unsafe-perm in lifecycle true
9 verbose lifecycle ziednode@0.0.0~start: PATH: C:\Program Files\nodejs\node_modules\npm\bin\node-gyp-bin;C:\Users\ziedc\Documents\web projects\ziednode\node_modules\.bin;C:\ProgramData\Oracle\Java\javapath;C:\Program Files\MongoDB\Server\3.4\bin;C:\Program Files\nodejs\;C:\Windows\System32\;C:\Program Files (x86)\Yarn\bin;C:\Program Files (x86)\NVIDIA Corporation\PhysX\Common;C:\Program Files\PuTTY\;C:\Program Files\Git\cmd;C:\Program Files (x86)\GtkSharp\2.12\bin;C:\Program Files\MongoDB\Server\3.4\bin;C:\Users\ziedc\AppData\Local\.meteor\;C:\Program Files\nodejs;C:\Users\ziedc\AppData\Roaming\npm;C:\Windows\System32\;C:\Users\ziedc\Desktop\zied;C:\Program Files (x86)\Microsoft VS Code\bin;C:\Users\ziedc\AppData\Local\Yarn\.bin;C:\Users\ziedc\AppData\Local\atom;C:\Program Files\Heroku\bin
10 verbose lifecycle ziednode@0.0.0~start: CWD: C:\Users\ziedc\Documents\web projects\ziednode
11 silly lifecycle ziednode@0.0.0~start: Args: [ '/d /s /c', 'nodemon ./bin/www' ]
12 silly lifecycle ziednode@0.0.0~start: Returned: code: 3221225786  signal: null
13 info lifecycle ziednode@0.0.0~start: Failed to exec start script
14 verbose stack Error: ziednode@0.0.0 start: `nodemon ./bin/www`
14 verbose stack Exit status 3221225786
14 verbose stack     at EventEmitter.<anonymous> (C:\Program Files\nodejs\node_modules\npm\lib\utils\lifecycle.js:279:16)
14 verbose stack     at emitTwo (events.js:106:13)
14 verbose stack     at EventEmitter.emit (events.js:194:7)
14 verbose stack     at ChildProcess.<anonymous> (C:\Program Files\nodejs\node_modules\npm\lib\utils\spawn.js:40:14)
14 verbose stack     at emitTwo (events.js:106:13)
14 verbose stack     at ChildProcess.emit (events.js:194:7)
14 verbose stack     at maybeClose (internal/child_process.js:899:16)
14 verbose stack     at Process.ChildProcess._handle.onexit (internal/child_process.js:226:5)
15 verbose pkgid ziednode@0.0.0
16 verbose cwd C:\Users\ziedc\Documents\web projects\ziednode\views
17 error Windows_NT 10.0.14393
18 error argv "C:\\Program Files\\nodejs\\node.exe" "C:\\Program Files\\nodejs\\node_modules\\npm\\bin\\npm-cli.js" "start"
19 error node v7.7.2
20 error npm  v4.1.2
21 error code ELIFECYCLE
22 error ziednode@0.0.0 start: `nodemon ./bin/www`
22 error Exit status 3221225786
23 error Failed at the ziednode@0.0.0 start script 'nodemon ./bin/www'.
23 error Make sure you have the latest version of node.js and npm installed.
23 error If you do, this is most likely a problem with the ziednode package,
23 error not with npm itself.
23 error Tell the author that this fails on your system:
23 error     nodemon ./bin/www
23 error You can get information on how to open an issue for this project with:
23 error     npm bugs ziednode
23 error Or if that isn't available, you can get their info via:
23 error     npm owner ls ziednode
23 error There is likely additional logging output above.
24 verbose exit [ 1, true ]
